Spark Command: /usr/lib/jvm/java-8-oracle/jre/bin/java -cp /home/biennt/Documents/spark-2.4.0-bin-hadoop2.7/conf/:/home/biennt/Documents/spark-2.4.0-bin-hadoop2.7/jars/* -Xmx1g org.apache.spark.deploy.worker.Worker --webui-port 8081 spark://kaitokid:7077
========================================
2019-03-21 09:42:32 INFO  Worker:2566 - Started daemon with process name: 8243@kaitokid
2019-03-21 09:42:32 INFO  SignalUtils:54 - Registered signal handler for TERM
2019-03-21 09:42:32 INFO  SignalUtils:54 - Registered signal handler for HUP
2019-03-21 09:42:32 INFO  SignalUtils:54 - Registered signal handler for INT
2019-03-21 09:42:32 WARN  NativeCodeLoader:62 - Unable to load native-hadoop library for your platform... using builtin-java classes where applicable
2019-03-21 09:42:32 INFO  SecurityManager:54 - Changing view acls to: biennt
2019-03-21 09:42:32 INFO  SecurityManager:54 - Changing modify acls to: biennt
2019-03-21 09:42:32 INFO  SecurityManager:54 - Changing view acls groups to: 
2019-03-21 09:42:32 INFO  SecurityManager:54 - Changing modify acls groups to: 
2019-03-21 09:42:32 INFO  SecurityManager:54 - SecurityManager: authentication disabled; ui acls disabled; users  with view permissions: Set(biennt); groups with view permissions: Set(); users  with modify permissions: Set(biennt); groups with modify permissions: Set()
2019-03-21 09:42:33 INFO  Utils:54 - Successfully started service 'sparkWorker' on port 39905.
2019-03-21 09:42:33 INFO  Worker:54 - Starting Spark worker 10.45.50.197:39905 with 4 cores, 6.7 GB RAM
2019-03-21 09:42:33 INFO  Worker:54 - Running Spark version 2.4.0
2019-03-21 09:42:33 INFO  Worker:54 - Spark home: /home/biennt/Documents/spark-2.4.0-bin-hadoop2.7
2019-03-21 09:42:33 INFO  log:192 - Logging initialized @2201ms
2019-03-21 09:42:33 INFO  Server:351 - jetty-9.3.z-SNAPSHOT, build timestamp: unknown, git hash: unknown
2019-03-21 09:42:33 INFO  Server:419 - Started @2287ms
2019-03-21 09:42:33 INFO  AbstractConnector:278 - Started ServerConnector@6e9e749d{HTTP/1.1,[http/1.1]}{0.0.0.0:8081}
2019-03-21 09:42:33 INFO  Utils:54 - Successfully started service 'WorkerUI' on port 8081.
2019-03-21 09:42:33 INFO  ContextHandler:781 - Started o.s.j.s.ServletContextHandler@10df0e97{/logPage,null,AVAILABLE,@Spark}
2019-03-21 09:42:33 INFO  ContextHandler:781 - Started o.s.j.s.ServletContextHandler@6b4e7b9d{/logPage/json,null,AVAILABLE,@Spark}
2019-03-21 09:42:33 INFO  ContextHandler:781 - Started o.s.j.s.ServletContextHandler@e9e2062{/,null,AVAILABLE,@Spark}
2019-03-21 09:42:33 INFO  ContextHandler:781 - Started o.s.j.s.ServletContextHandler@29a67b6{/json,null,AVAILABLE,@Spark}
2019-03-21 09:42:33 INFO  ContextHandler:781 - Started o.s.j.s.ServletContextHandler@1a1066eb{/static,null,AVAILABLE,@Spark}
2019-03-21 09:42:33 INFO  ContextHandler:781 - Started o.s.j.s.ServletContextHandler@4dfa9755{/log,null,AVAILABLE,@Spark}
2019-03-21 09:42:33 INFO  WorkerWebUI:54 - Bound WorkerWebUI to 0.0.0.0, and started at http://kaitokid:8081
2019-03-21 09:42:33 INFO  Worker:54 - Connecting to master kaitokid:7077...
2019-03-21 09:42:33 INFO  ContextHandler:781 - Started o.s.j.s.ServletContextHandler@62d2e76{/metrics/json,null,AVAILABLE,@Spark}
2019-03-21 09:42:33 INFO  TransportClientFactory:267 - Successfully created connection to kaitokid/10.45.50.197:7077 after 57 ms (0 ms spent in bootstraps)
2019-03-21 09:42:34 INFO  Worker:54 - Successfully registered with master spark://kaitokid:7077
2019-03-21 14:52:29 ERROR Worker:43 - RECEIVED SIGNAL TERM
