Spark Command: /usr/lib/jvm/java-8-oracle/bin/java -cp /home/biennt/Documents/spark-2.4.0-bin-hadoop2.7/conf/:/home/biennt/Documents/spark-2.4.0-bin-hadoop2.7/jars/* -Xmx1g org.apache.spark.deploy.master.Master --host kaitokid --port 7077 --webui-port 8080
========================================
2019-03-21 09:42:28 INFO  Master:2566 - Started daemon with process name: 8075@kaitokid
2019-03-21 09:42:28 INFO  SignalUtils:54 - Registered signal handler for TERM
2019-03-21 09:42:28 INFO  SignalUtils:54 - Registered signal handler for HUP
2019-03-21 09:42:28 INFO  SignalUtils:54 - Registered signal handler for INT
2019-03-21 09:42:29 WARN  NativeCodeLoader:62 - Unable to load native-hadoop library for your platform... using builtin-java classes where applicable
2019-03-21 09:42:29 INFO  SecurityManager:54 - Changing view acls to: biennt
2019-03-21 09:42:29 INFO  SecurityManager:54 - Changing modify acls to: biennt
2019-03-21 09:42:29 INFO  SecurityManager:54 - Changing view acls groups to: 
2019-03-21 09:42:29 INFO  SecurityManager:54 - Changing modify acls groups to: 
2019-03-21 09:42:29 INFO  SecurityManager:54 - SecurityManager: authentication disabled; ui acls disabled; users  with view permissions: Set(biennt); groups with view permissions: Set(); users  with modify permissions: Set(biennt); groups with modify permissions: Set()
2019-03-21 09:42:29 INFO  Utils:54 - Successfully started service 'sparkMaster' on port 7077.
2019-03-21 09:42:29 INFO  Master:54 - Starting Spark master at spark://kaitokid:7077
2019-03-21 09:42:29 INFO  Master:54 - Running Spark version 2.4.0
2019-03-21 09:42:29 INFO  log:192 - Logging initialized @1902ms
2019-03-21 09:42:29 INFO  Server:351 - jetty-9.3.z-SNAPSHOT, build timestamp: unknown, git hash: unknown
2019-03-21 09:42:29 INFO  Server:419 - Started @1980ms
2019-03-21 09:42:29 INFO  AbstractConnector:278 - Started ServerConnector@521f403{HTTP/1.1,[http/1.1]}{0.0.0.0:8080}
2019-03-21 09:42:29 INFO  Utils:54 - Successfully started service 'MasterUI' on port 8080.
2019-03-21 09:42:29 INFO  ContextHandler:781 - Started o.s.j.s.ServletContextHandler@6cfbc542{/app,null,AVAILABLE,@Spark}
2019-03-21 09:42:29 INFO  ContextHandler:781 - Started o.s.j.s.ServletContextHandler@481a8f0a{/app/json,null,AVAILABLE,@Spark}
2019-03-21 09:42:29 INFO  ContextHandler:781 - Started o.s.j.s.ServletContextHandler@20e6fd8e{/,null,AVAILABLE,@Spark}
2019-03-21 09:42:29 INFO  ContextHandler:781 - Started o.s.j.s.ServletContextHandler@5cb9ca83{/json,null,AVAILABLE,@Spark}
2019-03-21 09:42:29 INFO  ContextHandler:781 - Started o.s.j.s.ServletContextHandler@40c77cc1{/static,null,AVAILABLE,@Spark}
2019-03-21 09:42:29 INFO  ContextHandler:781 - Started o.s.j.s.ServletContextHandler@5d0dea95{/app/kill,null,AVAILABLE,@Spark}
2019-03-21 09:42:29 INFO  ContextHandler:781 - Started o.s.j.s.ServletContextHandler@57c32783{/driver/kill,null,AVAILABLE,@Spark}
2019-03-21 09:42:29 INFO  MasterWebUI:54 - Bound MasterWebUI to 0.0.0.0, and started at http://kaitokid:8080
2019-03-21 09:42:30 INFO  ContextHandler:781 - Started o.s.j.s.ServletContextHandler@4339d329{/metrics/master/json,null,AVAILABLE,@Spark}
2019-03-21 09:42:30 INFO  ContextHandler:781 - Started o.s.j.s.ServletContextHandler@4ad861b9{/metrics/applications/json,null,AVAILABLE,@Spark}
2019-03-21 09:42:30 INFO  Master:54 - I have been elected leader! New state: ALIVE
2019-03-21 09:42:34 INFO  Master:54 - Registering worker 10.45.50.197:39905 with 4 cores, 6.7 GB RAM
2019-03-21 14:41:50 WARN  Master:66 - Removing worker-20190321094233-10.45.50.197-39905 because we got no heartbeat in 60 seconds
2019-03-21 14:41:50 INFO  Master:54 - Removing worker worker-20190321094233-10.45.50.197-39905 on 10.45.50.197:39905
2019-03-21 14:41:50 INFO  Master:54 - Telling app of lost worker: worker-20190321094233-10.45.50.197-39905
2019-03-21 14:52:29 ERROR Master:43 - RECEIVED SIGNAL TERM
